2006.01.08 22:56 B D:\Nelson's Documents\NLW Webpage\NLW\Heisler\DesPlumbing\DesCompressor\DesCompressorIV\DesCompressorIV.htm --> www.andyriedel.com /Heisler/DesPlumbing/DesCompressor/DesCompressorIV DesCompressorIV.htm
2006.01.08 22:56 B D:\Nelson's Documents\NLW Webpage\NLW\Heisler\DesPlumbing\DesCompressor\DesCompressorIV\LargeAlignmentbushHM564.jpg --> www.andyriedel.com /Heisler/DesPlumbing/DesCompressor/DesCompressorIV LargeAlignmentbushHM564.jpg
2006.01.08 22:56 B D:\Nelson's Documents\NLW Webpage\NLW\Heisler\DesPlumbing\DesCompressor\DesCompressorIV\MainValveAssembly.jpg --> www.andyriedel.com /Heisler/DesPlumbing/DesCompressor/DesCompressorIV MainValveAssembly.jpg
2006.01.08 22:56 B D:\Nelson's Documents\NLW Webpage\NLW\Heisler\DesPlumbing\DesCompressor\DesCompressorIV\MainValveEndCover.jpg --> www.andyriedel.com /Heisler/DesPlumbing/DesCompressor/DesCompressorIV MainValveEndCover.jpg
2006.01.08 22:56 B D:\Nelson's Documents\NLW Webpage\NLW\Heisler\DesPlumbing\DesCompressor\DesCompressorIV\MainValvePiston.jpg --> www.andyriedel.com /Heisler/DesPlumbing/DesCompressor/DesCompressorIV MainValvePiston.jpg
2006.01.08 22:56 B D:\Nelson's Documents\NLW Webpage\NLW\Heisler\DesPlumbing\DesCompressor\DesCompressorIV\MainValveSleeve.jpg --> www.andyriedel.com /Heisler/DesPlumbing/DesCompressor/DesCompressorIV MainValveSleeve.jpg
2006.01.08 22:56 B D:\Nelson's Documents\NLW Webpage\NLW\Heisler\DesPlumbing\DesCompressor\DesCompressorIV\MRSRValve1.jpg --> www.andyriedel.com /Heisler/DesPlumbing/DesCompressor/DesCompressorIV MRSRValve1.jpg
2006.01.08 22:56 B D:\Nelson's Documents\NLW Webpage\NLW\Heisler\DesPlumbing\DesCompressor\DesCompressorIV\MRSRValve2.jpg --> www.andyriedel.com /Heisler/DesPlumbing/DesCompressor/DesCompressorIV MRSRValve2.jpg
2006.01.08 22:56 B D:\Nelson's Documents\NLW Webpage\NLW\Heisler\DesPlumbing\DesCompressor\DesCompressorIV\MRSRValve3.jpg --> www.andyriedel.com /Heisler/DesPlumbing/DesCompressor/DesCompressorIV MRSRValve3.jpg
2006.01.08 22:56 B D:\Nelson's Documents\NLW Webpage\NLW\Heisler\DesPlumbing\DesCompressor\DesCompressorIV\Reversing Valve Cover.jpg --> www.andyriedel.com /Heisler/DesPlumbing/DesCompressor/DesCompressorIV Reversing Valve Cover.jpg
2006.01.08 22:57 B D:\Nelson's Documents\NLW Webpage\NLW\Heisler\DesPlumbing\DesCompressor\DesCompressorIV\Reversing Valve Piston.jpg --> www.andyriedel.com /Heisler/DesPlumbing/DesCompressor/DesCompressorIV Reversing Valve Piston.jpg
2006.01.08 22:57 B D:\Nelson's Documents\NLW Webpage\NLW\Heisler\DesPlumbing\DesCompressor\DesCompressorIV\ReversingValveAssembly.jpg --> www.andyriedel.com /Heisler/DesPlumbing/DesCompressor/DesCompressorIV ReversingValveAssembly.jpg
2006.01.08 22:57 B D:\Nelson's Documents\NLW Webpage\NLW\Heisler\DesPlumbing\DesCompressor\DesCompressorIV\ReversingValveRod.jpg --> www.andyriedel.com /Heisler/DesPlumbing/DesCompressor/DesCompressorIV ReversingValveRod.jpg
2006.01.08 22:57 B D:\Nelson's Documents\NLW Webpage\NLW\Heisler\DesPlumbing\DesCompressor\DesCompressorIV\Thumbs.db --> www.andyriedel.com /Heisler/DesPlumbing/DesCompressor/DesCompressorIV Thumbs.db
2006.01.08 22:57 B D:\Nelson's Documents\NLW Webpage\NLW\Heisler\DesPlumbing\DesCompressor\DesCompressorIV\UpperSteamCylinderHead.jpg --> www.andyriedel.com /Heisler/DesPlumbing/DesCompressor/DesCompressorIV UpperSteamCylinderHead.jpg
2006.01.08 22:57 B D:\Nelson's Documents\NLW Webpage\NLW\Heisler\DesPlumbing\DesCompressor\DesCompressorIV\UpperSteamCylinderHeadPassageDim.jpg --> www.andyriedel.com /Heisler/DesPlumbing/DesCompressor/DesCompressorIV UpperSteamCylinderHeadPassageDim.jpg
2006.01.08 22:57 B D:\Nelson's Documents\NLW Webpage\NLW\Heisler\DesPlumbing\DesCompressor\DesCompressorIV\UpperSteamHeadLargeAligmentWasher.jpg --> www.andyriedel.com /Heisler/DesPlumbing/DesCompressor/DesCompressorIV UpperSteamHeadLargeAligmentWasher.jpg
2006.01.08 22:57 B D:\Nelson's Documents\NLW Webpage\NLW\Heisler\DesPlumbing\DesCompressor\DesCompressorIV\UpperSteamHeadSmallAlinmentWasher.jpg --> www.andyriedel.com /Heisler/DesPlumbing/DesCompressor/DesCompressorIV UpperSteamHeadSmallAlinmentWasher.jpg
2006.01.08 22:57 B D:\Nelson's Documents\NLW Webpage\NLW\Heisler\DesPlumbing\DesCompressor\DesCompressorIV\ValveAssembly.jpg --> www.andyriedel.com /Heisler/DesPlumbing/DesCompressor/DesCompressorIV ValveAssembly.jpg
2006.01.08 22:57 B D:\Nelson's Documents\NLW Webpage\NLW\Heisler\DesPlumbing\DesCompressor\DesCompressorIV\ValveExhaustPassages.jpg --> www.andyriedel.com /Heisler/DesPlumbing/DesCompressor/DesCompressorIV ValveExhaustPassages.jpg
2006.01.08 22:57 B D:\Nelson's Documents\NLW Webpage\NLW\Heisler\DesPlumbing\DesCompressor\DesCompressorIV\ValveHousing.jpg --> www.andyriedel.com /Heisler/DesPlumbing/DesCompressor/DesCompressorIV ValveHousing.jpg
2006.01.08 22:57 B D:\Nelson's Documents\NLW Webpage\NLW\Heisler\DesPlumbing\DesCompressor\DesCompressorIV\ValveHousingReinforcAttachment.jpg --> www.andyriedel.com /Heisler/DesPlumbing/DesCompressor/DesCompressorIV ValveHousingReinforcAttachment.jpg
2006.01.08 22:57 B D:\Nelson's Documents\NLW Webpage\NLW\Heisler\DesPlumbing\DesCompressor\DesCompressorIV\ValveInterCylinderPassages.jpg --> www.andyriedel.com /Heisler/DesPlumbing/DesCompressor/DesCompressorIV ValveInterCylinderPassages.jpg
2006.01.08 22:57 B D:\Nelson's Documents\NLW Webpage\NLW\Heisler\DesPlumbing\DesCompressor\DesCompressorIV\ValveOutputPassages.jpg --> www.andyriedel.com /Heisler/DesPlumbing/DesCompressor/DesCompressorIV ValveOutputPassages.jpg
2006.01.08 22:57 B D:\Nelson's Documents\NLW Webpage\NLW\Heisler\DesPlumbing\DesCompressor\DesCompressorIV\ValveReinforcement.jpg --> www.andyriedel.com /Heisler/DesPlumbing/DesCompressor/DesCompressorIV ValveReinforcement.jpg
2006.01.08 22:57 B D:\Nelson's Documents\NLW Webpage\NLW\Heisler\DesPlumbing\DesCompressor\DesCompressorIV\ValveSteamPassages.jpg --> www.andyriedel.com /Heisler/DesPlumbing/DesCompressor/DesCompressorIV ValveSteamPassages.jpg
2006.01.09 07:31 B D:\Nelson's Documents\NLW Webpage\NLW\Heisler\DesPlumbing\DesCompressor\DesCompressorIV\DesCompressorIV.htm --> www.andyriedel.com /Heisler/DesPlumbing/DesCompressor/DesCompressorIV DesCompressorIV.htm
2006.04.09 00:00 B D:\Nelson's Documents\NLW Webpage\NLW\Heisler\Plumbing\DesCompressor\DesCompressorIV\DesCompressorIV.htm --> www.andyriedel.com /Heisler/Plumbing/DesCompressor/DesCompressorIV DesCompressorIV.htm
2006.04.09 00:00 B D:\Nelson's Documents\NLW Webpage\NLW\Heisler\Plumbing\DesCompressor\DesCompressorIV\LargeAlignmentbushHM564.jpg --> www.andyriedel.com /Heisler/Plumbing/DesCompressor/DesCompressorIV LargeAlignmentbushHM564.jpg
2006.04.09 00:00 B D:\Nelson's Documents\NLW Webpage\NLW\Heisler\Plumbing\DesCompressor\DesCompressorIV\MainValveAssembly.jpg --> www.andyriedel.com /Heisler/Plumbing/DesCompressor/DesCompressorIV MainValveAssembly.jpg
2006.04.09 00:00 B D:\Nelson's Documents\NLW Webpage\NLW\Heisler\Plumbing\DesCompressor\DesCompressorIV\MainValveEndCover.jpg --> www.andyriedel.com /Heisler/Plumbing/DesCompressor/DesCompressorIV MainValveEndCover.jpg
2006.04.09 00:00 B D:\Nelson's Documents\NLW Webpage\NLW\Heisler\Plumbing\DesCompressor\DesCompressorIV\MainValvePiston.jpg --> www.andyriedel.com /Heisler/Plumbing/DesCompressor/DesCompressorIV MainValvePiston.jpg
2006.04.09 00:00 B D:\Nelson's Documents\NLW Webpage\NLW\Heisler\Plumbing\DesCompressor\DesCompressorIV\MainValveSleeve.jpg --> www.andyriedel.com /Heisler/Plumbing/DesCompressor/DesCompressorIV MainValveSleeve.jpg
2006.04.09 00:00 B D:\Nelson's Documents\NLW Webpage\NLW\Heisler\Plumbing\DesCompressor\DesCompressorIV\MRSRValve1.jpg --> www.andyriedel.com /Heisler/Plumbing/DesCompressor/DesCompressorIV MRSRValve1.jpg
2006.04.09 00:00 B D:\Nelson's Documents\NLW Webpage\NLW\Heisler\Plumbing\DesCompressor\DesCompressorIV\MRSRValve2.jpg --> www.andyriedel.com /Heisler/Plumbing/DesCompressor/DesCompressorIV MRSRValve2.jpg
2006.04.09 00:00 B D:\Nelson's Documents\NLW Webpage\NLW\Heisler\Plumbing\DesCompressor\DesCompressorIV\MRSRValve3.jpg --> www.andyriedel.com /Heisler/Plumbing/DesCompressor/DesCompressorIV MRSRValve3.jpg
2006.04.09 00:00 B D:\Nelson's Documents\NLW Webpage\NLW\Heisler\Plumbing\DesCompressor\DesCompressorIV\Reversing Valve Cover.jpg --> www.andyriedel.com /Heisler/Plumbing/DesCompressor/DesCompressorIV Reversing Valve Cover.jpg
2006.04.09 00:00 B D:\Nelson's Documents\NLW Webpage\NLW\Heisler\Plumbing\DesCompressor\DesCompressorIV\Reversing Valve Piston.jpg --> www.andyriedel.com /Heisler/Plumbing/DesCompressor/DesCompressorIV Reversing Valve Piston.jpg
2006.04.09 00:00 B D:\Nelson's Documents\NLW Webpage\NLW\Heisler\Plumbing\DesCompressor\DesCompressorIV\ReversingValveAssembly.jpg --> www.andyriedel.com /Heisler/Plumbing/DesCompressor/DesCompressorIV ReversingValveAssembly.jpg
2006.04.09 00:00 B D:\Nelson's Documents\NLW Webpage\NLW\Heisler\Plumbing\DesCompressor\DesCompressorIV\ReversingValveRod.jpg --> www.andyriedel.com /Heisler/Plumbing/DesCompressor/DesCompressorIV ReversingValveRod.jpg
2006.04.09 00:00 B D:\Nelson's Documents\NLW Webpage\NLW\Heisler\Plumbing\DesCompressor\DesCompressorIV\Thumbs.db --> www.andyriedel.com /Heisler/Plumbing/DesCompressor/DesCompressorIV Thumbs.db
2006.04.09 00:00 B D:\Nelson's Documents\NLW Webpage\NLW\Heisler\Plumbing\DesCompressor\DesCompressorIV\UpperSteamCylinderHead.jpg --> www.andyriedel.com /Heisler/Plumbing/DesCompressor/DesCompressorIV UpperSteamCylinderHead.jpg
2006.04.09 00:00 B D:\Nelson's Documents\NLW Webpage\NLW\Heisler\Plumbing\DesCompressor\DesCompressorIV\UpperSteamCylinderHeadPassageDim.jpg --> www.andyriedel.com /Heisler/Plumbing/DesCompressor/DesCompressorIV UpperSteamCylinderHeadPassageDim.jpg
2006.04.09 00:00 B D:\Nelson's Documents\NLW Webpage\NLW\Heisler\Plumbing\DesCompressor\DesCompressorIV\UpperSteamHeadLargeAligmentWasher.jpg --> www.andyriedel.com /Heisler/Plumbing/DesCompressor/DesCompressorIV UpperSteamHeadLargeAligmentWasher.jpg
2006.04.09 00:00 B D:\Nelson's Documents\NLW Webpage\NLW\Heisler\Plumbing\DesCompressor\DesCompressorIV\UpperSteamHeadSmallAlinmentWasher.jpg --> www.andyriedel.com /Heisler/Plumbing/DesCompressor/DesCompressorIV UpperSteamHeadSmallAlinmentWasher.jpg
2006.04.09 00:00 B D:\Nelson's Documents\NLW Webpage\NLW\Heisler\Plumbing\DesCompressor\DesCompressorIV\ValveAssembly.jpg --> www.andyriedel.com /Heisler/Plumbing/DesCompressor/DesCompressorIV ValveAssembly.jpg
2006.04.09 00:00 B D:\Nelson's Documents\NLW Webpage\NLW\Heisler\Plumbing\DesCompressor\DesCompressorIV\ValveExhaustPassages.jpg --> www.andyriedel.com /Heisler/Plumbing/DesCompressor/DesCompressorIV ValveExhaustPassages.jpg
2006.04.09 00:00 B D:\Nelson's Documents\NLW Webpage\NLW\Heisler\Plumbing\DesCompressor\DesCompressorIV\ValveHousing.jpg --> www.andyriedel.com /Heisler/Plumbing/DesCompressor/DesCompressorIV ValveHousing.jpg
2006.04.09 00:00 B D:\Nelson's Documents\NLW Webpage\NLW\Heisler\Plumbing\DesCompressor\DesCompressorIV\ValveHousingReinforcAttachment.jpg --> www.andyriedel.com /Heisler/Plumbing/DesCompressor/DesCompressorIV ValveHousingReinforcAttachment.jpg
2006.04.09 00:00 B D:\Nelson's Documents\NLW Webpage\NLW\Heisler\Plumbing\DesCompressor\DesCompressorIV\ValveInterCylinderPassages.jpg --> www.andyriedel.com /Heisler/Plumbing/DesCompressor/DesCompressorIV ValveInterCylinderPassages.jpg
2006.04.09 00:00 B D:\Nelson's Documents\NLW Webpage\NLW\Heisler\Plumbing\DesCompressor\DesCompressorIV\ValveOutputPassages.jpg --> www.andyriedel.com /Heisler/Plumbing/DesCompressor/DesCompressorIV ValveOutputPassages.jpg
2006.04.09 00:00 B D:\Nelson's Documents\NLW Webpage\NLW\Heisler\Plumbing\DesCompressor\DesCompressorIV\ValveReinforcement.jpg --> www.andyriedel.com /Heisler/Plumbing/DesCompressor/DesCompressorIV ValveReinforcement.jpg
2006.04.09 00:00 B D:\Nelson's Documents\NLW Webpage\NLW\Heisler\Plumbing\DesCompressor\DesCompressorIV\ValveSteamPassages.jpg --> www.andyriedel.com /Heisler/Plumbing/DesCompressor/DesCompressorIV ValveSteamPassages.jpg
2006.04.09 00:00 B D:\Nelson's Documents\NLW Webpage\NLW\Heisler\Plumbing\DesCompressor\DesCompressorIV\WS_FTP.LOG --> www.andyriedel.com /Heisler/Plumbing/DesCompressor/DesCompressorIV WS_FTP.LOG
2009.03.17 12:38 B D:\Nelson's Documents\NLW\Heisler\Brakes\DesCompressor\DesCompressorIV\DesCompressorIV.htm --> web511.opentransfer.com /nelsonslocomotive.com/Heisler/Brakes/DesCompressor/DesCompressorIV DesCompressorIV.htm
2009.03.17 12:38 B D:\Nelson's Documents\NLW\Heisler\Brakes\DesCompressor\DesCompressorIV\LargeAlignmentbushHM564.jpg --> web511.opentransfer.com /nelsonslocomotive.com/Heisler/Brakes/DesCompressor/DesCompressorIV LargeAlignmentbushHM564.jpg
2009.03.17 12:38 B D:\Nelson's Documents\NLW\Heisler\Brakes\DesCompressor\DesCompressorIV\MainValveAssembly.jpg --> web511.opentransfer.com /nelsonslocomotive.com/Heisler/Brakes/DesCompressor/DesCompressorIV MainValveAssembly.jpg
2009.03.17 12:38 B D:\Nelson's Documents\NLW\Heisler\Brakes\DesCompressor\DesCompressorIV\MainValveEndCover.jpg --> web511.opentransfer.com /nelsonslocomotive.com/Heisler/Brakes/DesCompressor/DesCompressorIV MainValveEndCover.jpg
2009.03.17 12:38 B D:\Nelson's Documents\NLW\Heisler\Brakes\DesCompressor\DesCompressorIV\MainValvePiston.jpg --> web511.opentransfer.com /nelsonslocomotive.com/Heisler/Brakes/DesCompressor/DesCompressorIV MainValvePiston.jpg
2009.03.17 12:38 B D:\Nelson's Documents\NLW\Heisler\Brakes\DesCompressor\DesCompressorIV\MainValveSleeve.jpg --> web511.opentransfer.com /nelsonslocomotive.com/Heisler/Brakes/DesCompressor/DesCompressorIV MainValveSleeve.jpg
2009.03.17 12:38 B D:\Nelson's Documents\NLW\Heisler\Brakes\DesCompressor\DesCompressorIV\MRSRValve1.jpg --> web511.opentransfer.com /nelsonslocomotive.com/Heisler/Brakes/DesCompressor/DesCompressorIV MRSRValve1.jpg
2009.03.17 12:38 B D:\Nelson's Documents\NLW\Heisler\Brakes\DesCompressor\DesCompressorIV\MRSRValve2.jpg --> web511.opentransfer.com /nelsonslocomotive.com/Heisler/Brakes/DesCompressor/DesCompressorIV MRSRValve2.jpg
2009.03.17 12:38 B D:\Nelson's Documents\NLW\Heisler\Brakes\DesCompressor\DesCompressorIV\MRSRValve3.jpg --> web511.opentransfer.com /nelsonslocomotive.com/Heisler/Brakes/DesCompressor/DesCompressorIV MRSRValve3.jpg
2009.03.17 12:38 B D:\Nelson's Documents\NLW\Heisler\Brakes\DesCompressor\DesCompressorIV\Reversing Valve Cover.jpg --> web511.opentransfer.com /nelsonslocomotive.com/Heisler/Brakes/DesCompressor/DesCompressorIV Reversing Valve Cover.jpg
2009.03.17 12:38 B D:\Nelson's Documents\NLW\Heisler\Brakes\DesCompressor\DesCompressorIV\Reversing Valve Piston.jpg --> web511.opentransfer.com /nelsonslocomotive.com/Heisler/Brakes/DesCompressor/DesCompressorIV Reversing Valve Piston.jpg
2009.03.17 12:38 B D:\Nelson's Documents\NLW\Heisler\Brakes\DesCompressor\DesCompressorIV\ReversingValveAssembly.jpg --> web511.opentransfer.com /nelsonslocomotive.com/Heisler/Brakes/DesCompressor/DesCompressorIV ReversingValveAssembly.jpg
2009.03.17 12:38 B D:\Nelson's Documents\NLW\Heisler\Brakes\DesCompressor\DesCompressorIV\ReversingValveRod.jpg --> web511.opentransfer.com /nelsonslocomotive.com/Heisler/Brakes/DesCompressor/DesCompressorIV ReversingValveRod.jpg
2009.03.17 12:38 B D:\Nelson's Documents\NLW\Heisler\Brakes\DesCompressor\DesCompressorIV\Thumbs.db --> web511.opentransfer.com /nelsonslocomotive.com/Heisler/Brakes/DesCompressor/DesCompressorIV Thumbs.db
2009.03.17 12:38 B D:\Nelson's Documents\NLW\Heisler\Brakes\DesCompressor\DesCompressorIV\UpperSteamCylinderHead.jpg --> web511.opentransfer.com /nelsonslocomotive.com/Heisler/Brakes/DesCompressor/DesCompressorIV UpperSteamCylinderHead.jpg
2009.03.17 12:38 B D:\Nelson's Documents\NLW\Heisler\Brakes\DesCompressor\DesCompressorIV\UpperSteamCylinderHeadPassageDim.jpg --> web511.opentransfer.com /nelsonslocomotive.com/Heisler/Brakes/DesCompressor/DesCompressorIV UpperSteamCylinderHeadPassageDim.jpg
2009.03.17 12:38 B D:\Nelson's Documents\NLW\Heisler\Brakes\DesCompressor\DesCompressorIV\UpperSteamHeadLargeAligmentWasher.jpg --> web511.opentransfer.com /nelsonslocomotive.com/Heisler/Brakes/DesCompressor/DesCompressorIV UpperSteamHeadLargeAligmentWasher.jpg
2009.03.17 12:38 B D:\Nelson's Documents\NLW\Heisler\Brakes\DesCompressor\DesCompressorIV\UpperSteamHeadSmallAlinmentWasher.jpg --> web511.opentransfer.com /nelsonslocomotive.com/Heisler/Brakes/DesCompressor/DesCompressorIV UpperSteamHeadSmallAlinmentWasher.jpg
2009.03.17 12:38 B D:\Nelson's Documents\NLW\Heisler\Brakes\DesCompressor\DesCompressorIV\ValveAssembly.jpg --> web511.opentransfer.com /nelsonslocomotive.com/Heisler/Brakes/DesCompressor/DesCompressorIV ValveAssembly.jpg
2009.03.17 12:38 B D:\Nelson's Documents\NLW\Heisler\Brakes\DesCompressor\DesCompressorIV\ValveExhaustPassages.jpg --> web511.opentransfer.com /nelsonslocomotive.com/Heisler/Brakes/DesCompressor/DesCompressorIV ValveExhaustPassages.jpg
2009.03.17 12:38 B D:\Nelson's Documents\NLW\Heisler\Brakes\DesCompressor\DesCompressorIV\ValveHousing.jpg --> web511.opentransfer.com /nelsonslocomotive.com/Heisler/Brakes/DesCompressor/DesCompressorIV ValveHousing.jpg
2009.03.17 12:38 B D:\Nelson's Documents\NLW\Heisler\Brakes\DesCompressor\DesCompressorIV\ValveHousingReinforcAttachment.jpg --> web511.opentransfer.com /nelsonslocomotive.com/Heisler/Brakes/DesCompressor/DesCompressorIV ValveHousingReinforcAttachment.jpg
2009.03.17 12:38 B D:\Nelson's Documents\NLW\Heisler\Brakes\DesCompressor\DesCompressorIV\ValveInterCylinderPassages.jpg --> web511.opentransfer.com /nelsonslocomotive.com/Heisler/Brakes/DesCompressor/DesCompressorIV ValveInterCylinderPassages.jpg
2009.03.17 12:38 B D:\Nelson's Documents\NLW\Heisler\Brakes\DesCompressor\DesCompressorIV\ValveOutputPassages.jpg --> web511.opentransfer.com /nelsonslocomotive.com/Heisler/Brakes/DesCompressor/DesCompressorIV ValveOutputPassages.jpg
2009.03.17 12:38 B D:\Nelson's Documents\NLW\Heisler\Brakes\DesCompressor\DesCompressorIV\ValveReinforcement.jpg --> web511.opentransfer.com /nelsonslocomotive.com/Heisler/Brakes/DesCompressor/DesCompressorIV ValveReinforcement.jpg
2009.03.17 12:38 B D:\Nelson's Documents\NLW\Heisler\Brakes\DesCompressor\DesCompressorIV\ValveSteamPassages.jpg --> web511.opentransfer.com /nelsonslocomotive.com/Heisler/Brakes/DesCompressor/DesCompressorIV ValveSteamPassages.jpg
2009.03.17 12:38 B D:\Nelson's Documents\NLW\Heisler\Brakes\DesCompressor\DesCompressorIV\WS_FTP.LOG --> web511.opentransfer.com /nelsonslocomotive.com/Heisler/Brakes/DesCompressor/DesCompressorIV WS_FTP.LOG
