2006.02.02 20:16 B D:\Nelson's Documents\NLW Webpage\NLW\Heisler\DesPlumbing\DesCompressor\DesCompressorV\DesCompressorV.htm --> www.andyriedel.com /Heisler/DesPlumbing/DesCompressor/DesCompressorV DesCompressorV.htm
2006.02.02 20:16 B D:\Nelson's Documents\NLW Webpage\NLW\Heisler\DesPlumbing\DesCompressor\DesCompressorV\Switch.jpg --> www.andyriedel.com /Heisler/DesPlumbing/DesCompressor/DesCompressorV Switch.jpg
2006.02.02 20:16 B D:\Nelson's Documents\NLW Webpage\NLW\Heisler\DesPlumbing\DesCompressor\DesCompressorV\SwitchBody.jpg --> www.andyriedel.com /Heisler/DesPlumbing/DesCompressor/DesCompressorV SwitchBody.jpg
2006.02.02 20:16 B D:\Nelson's Documents\NLW Webpage\NLW\Heisler\DesPlumbing\DesCompressor\DesCompressorV\SwitchKnob.jpg --> www.andyriedel.com /Heisler/DesPlumbing/DesCompressor/DesCompressorV SwitchKnob.jpg
2006.02.02 20:16 B D:\Nelson's Documents\NLW Webpage\NLW\Heisler\DesPlumbing\DesCompressor\DesCompressorV\SwitchPiston.jpg --> www.andyriedel.com /Heisler/DesPlumbing/DesCompressor/DesCompressorV SwitchPiston.jpg
2006.02.02 20:16 B D:\Nelson's Documents\NLW Webpage\NLW\Heisler\DesPlumbing\DesCompressor\DesCompressorV\SwitchPlug.jpg --> www.andyriedel.com /Heisler/DesPlumbing/DesCompressor/DesCompressorV SwitchPlug.jpg
2006.02.02 20:16 B D:\Nelson's Documents\NLW Webpage\NLW\Heisler\DesPlumbing\DesCompressor\DesCompressorV\SwitchSleeve.jpg --> www.andyriedel.com /Heisler/DesPlumbing/DesCompressor/DesCompressorV SwitchSleeve.jpg
2006.02.02 20:16 B D:\Nelson's Documents\NLW Webpage\NLW\Heisler\DesPlumbing\DesCompressor\DesCompressorV\SwitchTopCap.jpg --> www.andyriedel.com /Heisler/DesPlumbing/DesCompressor/DesCompressorV SwitchTopCap.jpg
2006.02.02 20:16 B D:\Nelson's Documents\NLW Webpage\NLW\Heisler\DesPlumbing\DesCompressor\DesCompressorV\Thumbs.db --> www.andyriedel.com /Heisler/DesPlumbing/DesCompressor/DesCompressorV Thumbs.db
2006.02.03 15:47 B D:\Nelson's Documents\NLW Webpage\NLW\Heisler\DesPlumbing\DesCompressor\DesCompressorV\SwitchPiston.jpg --> www.andyriedel.com /Heisler/DesPlumbing/DesCompressor/DesCompressorV SwitchPiston.jpg
2006.02.03 15:47 B D:\Nelson's Documents\NLW Webpage\NLW\Heisler\DesPlumbing\DesCompressor\DesCompressorV\DesCompressorV.htm --> www.andyriedel.com /Heisler/DesPlumbing/DesCompressor/DesCompressorV DesCompressorV.htm
2006.04.09 00:00 B D:\Nelson's Documents\NLW Webpage\NLW\Heisler\Plumbing\DesCompressor\DesCompressorV\DesCompressorV.htm --> www.andyriedel.com /Heisler/Plumbing/DesCompressor/DesCompressorV DesCompressorV.htm
2006.04.09 00:00 B D:\Nelson's Documents\NLW Webpage\NLW\Heisler\Plumbing\DesCompressor\DesCompressorV\Switch.jpg --> www.andyriedel.com /Heisler/Plumbing/DesCompressor/DesCompressorV Switch.jpg
2006.04.09 00:00 B D:\Nelson's Documents\NLW Webpage\NLW\Heisler\Plumbing\DesCompressor\DesCompressorV\SwitchBody.jpg --> www.andyriedel.com /Heisler/Plumbing/DesCompressor/DesCompressorV SwitchBody.jpg
2006.04.09 00:00 B D:\Nelson's Documents\NLW Webpage\NLW\Heisler\Plumbing\DesCompressor\DesCompressorV\SwitchKnob.jpg --> www.andyriedel.com /Heisler/Plumbing/DesCompressor/DesCompressorV SwitchKnob.jpg
2006.04.09 00:00 B D:\Nelson's Documents\NLW Webpage\NLW\Heisler\Plumbing\DesCompressor\DesCompressorV\SwitchPiston.jpg --> www.andyriedel.com /Heisler/Plumbing/DesCompressor/DesCompressorV SwitchPiston.jpg
2006.04.09 00:00 B D:\Nelson's Documents\NLW Webpage\NLW\Heisler\Plumbing\DesCompressor\DesCompressorV\SwitchPlug.jpg --> www.andyriedel.com /Heisler/Plumbing/DesCompressor/DesCompressorV SwitchPlug.jpg
2006.04.09 00:00 B D:\Nelson's Documents\NLW Webpage\NLW\Heisler\Plumbing\DesCompressor\DesCompressorV\SwitchSleeve.jpg --> www.andyriedel.com /Heisler/Plumbing/DesCompressor/DesCompressorV SwitchSleeve.jpg
2006.04.09 00:00 B D:\Nelson's Documents\NLW Webpage\NLW\Heisler\Plumbing\DesCompressor\DesCompressorV\SwitchTopCap.jpg --> www.andyriedel.com /Heisler/Plumbing/DesCompressor/DesCompressorV SwitchTopCap.jpg
2006.04.09 00:00 B D:\Nelson's Documents\NLW Webpage\NLW\Heisler\Plumbing\DesCompressor\DesCompressorV\Thumbs.db --> www.andyriedel.com /Heisler/Plumbing/DesCompressor/DesCompressorV Thumbs.db
2006.04.09 00:00 B D:\Nelson's Documents\NLW Webpage\NLW\Heisler\Plumbing\DesCompressor\DesCompressorV\WS_FTP.LOG --> www.andyriedel.com /Heisler/Plumbing/DesCompressor/DesCompressorV WS_FTP.LOG
2006.06.01 10:09 B D:\Nelson's Documents\NLW Webpage\NLW\Heisler\Plumbing\DesCompressor\DesCompressorV\DesCompressorV.htm --> www.andyriedel.com /Heisler/Plumbing/DesCompressor/DesCompressorV DesCompressorV.htm
2009.03.17 12:38 B D:\Nelson's Documents\NLW\Heisler\Brakes\DesCompressor\DesCompressorV\DesCompressorV.htm --> web511.opentransfer.com /nelsonslocomotive.com/Heisler/Brakes/DesCompressor/DesCompressorV DesCompressorV.htm
2009.03.17 12:38 B D:\Nelson's Documents\NLW\Heisler\Brakes\DesCompressor\DesCompressorV\Switch.jpg --> web511.opentransfer.com /nelsonslocomotive.com/Heisler/Brakes/DesCompressor/DesCompressorV Switch.jpg
2009.03.17 12:38 B D:\Nelson's Documents\NLW\Heisler\Brakes\DesCompressor\DesCompressorV\SwitchBody.jpg --> web511.opentransfer.com /nelsonslocomotive.com/Heisler/Brakes/DesCompressor/DesCompressorV SwitchBody.jpg
2009.03.17 12:38 B D:\Nelson's Documents\NLW\Heisler\Brakes\DesCompressor\DesCompressorV\SwitchKnob.jpg --> web511.opentransfer.com /nelsonslocomotive.com/Heisler/Brakes/DesCompressor/DesCompressorV SwitchKnob.jpg
2009.03.17 12:38 B D:\Nelson's Documents\NLW\Heisler\Brakes\DesCompressor\DesCompressorV\SwitchPiston.jpg --> web511.opentransfer.com /nelsonslocomotive.com/Heisler/Brakes/DesCompressor/DesCompressorV SwitchPiston.jpg
2009.03.17 12:38 B D:\Nelson's Documents\NLW\Heisler\Brakes\DesCompressor\DesCompressorV\SwitchPlug.jpg --> web511.opentransfer.com /nelsonslocomotive.com/Heisler/Brakes/DesCompressor/DesCompressorV SwitchPlug.jpg
2009.03.17 12:38 B D:\Nelson's Documents\NLW\Heisler\Brakes\DesCompressor\DesCompressorV\SwitchSleeve.jpg --> web511.opentransfer.com /nelsonslocomotive.com/Heisler/Brakes/DesCompressor/DesCompressorV SwitchSleeve.jpg
2009.03.17 12:38 B D:\Nelson's Documents\NLW\Heisler\Brakes\DesCompressor\DesCompressorV\SwitchTopCap.jpg --> web511.opentransfer.com /nelsonslocomotive.com/Heisler/Brakes/DesCompressor/DesCompressorV SwitchTopCap.jpg
2009.03.17 12:38 B D:\Nelson's Documents\NLW\Heisler\Brakes\DesCompressor\DesCompressorV\Thumbs.db --> web511.opentransfer.com /nelsonslocomotive.com/Heisler/Brakes/DesCompressor/DesCompressorV Thumbs.db
2009.03.17 12:38 B D:\Nelson's Documents\NLW\Heisler\Brakes\DesCompressor\DesCompressorV\WS_FTP.LOG --> web511.opentransfer.com /nelsonslocomotive.com/Heisler/Brakes/DesCompressor/DesCompressorV WS_FTP.LOG
