2006.01.08 22:56 B D:\Nelson's Documents\NLW Webpage\NLW\Heisler\DesPlumbing\DesCompressor\DesCompressorIII\AirCanister.jpg --> www.andyriedel.com /Heisler/DesPlumbing/DesCompressor/DesCompressorIII AirCanister.jpg
2006.01.08 22:56 B D:\Nelson's Documents\NLW Webpage\NLW\Heisler\DesPlumbing\DesCompressor\DesCompressorIII\AirCanisterTop.jpg --> www.andyriedel.com /Heisler/DesPlumbing/DesCompressor/DesCompressorIII AirCanisterTop.jpg
2006.01.08 22:56 B D:\Nelson's Documents\NLW Webpage\NLW\Heisler\DesPlumbing\DesCompressor\DesCompressorIII\AirFilter1.JPG --> www.andyriedel.com /Heisler/DesPlumbing/DesCompressor/DesCompressorIII AirFilter1.JPG
2006.01.08 22:56 B D:\Nelson's Documents\NLW Webpage\NLW\Heisler\DesPlumbing\DesCompressor\DesCompressorIII\AirFilter2.JPG --> www.andyriedel.com /Heisler/DesPlumbing/DesCompressor/DesCompressorIII AirFilter2.JPG
2006.01.08 22:56 B D:\Nelson's Documents\NLW Webpage\NLW\Heisler\DesPlumbing\DesCompressor\DesCompressorIII\AlignmentWashers.jpg --> www.andyriedel.com /Heisler/DesPlumbing/DesCompressor/DesCompressorIII AlignmentWashers.jpg
2006.01.08 22:56 B D:\Nelson's Documents\NLW Webpage\NLW\Heisler\DesPlumbing\DesCompressor\DesCompressorIII\AssembledPistonRod.jpg --> www.andyriedel.com /Heisler/DesPlumbing/DesCompressor/DesCompressorIII AssembledPistonRod.jpg
2006.01.08 22:56 B D:\Nelson's Documents\NLW Webpage\NLW\Heisler\DesPlumbing\DesCompressor\DesCompressorIII\CenterCrossSection.jpg --> www.andyriedel.com /Heisler/DesPlumbing/DesCompressor/DesCompressorIII CenterCrossSection.jpg
2006.01.08 22:56 B D:\Nelson's Documents\NLW Webpage\NLW\Heisler\DesPlumbing\DesCompressor\DesCompressorIII\CenterSpacer.jpg --> www.andyriedel.com /Heisler/DesPlumbing/DesCompressor/DesCompressorIII CenterSpacer.jpg
2006.01.08 22:56 B D:\Nelson's Documents\NLW Webpage\NLW\Heisler\DesPlumbing\DesCompressor\DesCompressorIII\DesCompressorIII.htm --> www.andyriedel.com /Heisler/DesPlumbing/DesCompressor/DesCompressorIII DesCompressorIII.htm
2006.01.08 22:56 B D:\Nelson's Documents\NLW Webpage\NLW\Heisler\DesPlumbing\DesCompressor\DesCompressorIII\InsertNut.jpg --> www.andyriedel.com /Heisler/DesPlumbing/DesCompressor/DesCompressorIII InsertNut.jpg
2006.01.08 22:56 B D:\Nelson's Documents\NLW Webpage\NLW\Heisler\DesPlumbing\DesCompressor\DesCompressorIII\InterCylinderAirChannel.jpg --> www.andyriedel.com /Heisler/DesPlumbing/DesCompressor/DesCompressorIII InterCylinderAirChannel.jpg
2006.01.08 22:56 B D:\Nelson's Documents\NLW Webpage\NLW\Heisler\DesPlumbing\DesCompressor\DesCompressorIII\LargeAirAlignmentBush.jpg --> www.andyriedel.com /Heisler/DesPlumbing/DesCompressor/DesCompressorIII LargeAirAlignmentBush.jpg
2006.01.08 22:56 B D:\Nelson's Documents\NLW Webpage\NLW\Heisler\DesPlumbing\DesCompressor\DesCompressorIII\LargeAirPiston.jpg --> www.andyriedel.com /Heisler/DesPlumbing/DesCompressor/DesCompressorIII LargeAirPiston.jpg
2006.01.08 22:56 B D:\Nelson's Documents\NLW Webpage\NLW\Heisler\DesPlumbing\DesCompressor\DesCompressorIII\LargeSteamAlignmentBush.jpg --> www.andyriedel.com /Heisler/DesPlumbing/DesCompressor/DesCompressorIII LargeSteamAlignmentBush.jpg
2006.01.08 22:56 B D:\Nelson's Documents\NLW Webpage\NLW\Heisler\DesPlumbing\DesCompressor\DesCompressorIII\LargeSteamPiston.jpg --> www.andyriedel.com /Heisler/DesPlumbing/DesCompressor/DesCompressorIII LargeSteamPiston.jpg
2006.01.08 22:56 B D:\Nelson's Documents\NLW Webpage\NLW\Heisler\DesPlumbing\DesCompressor\DesCompressorIII\LowerAirCylinderHead.jpg --> www.andyriedel.com /Heisler/DesPlumbing/DesCompressor/DesCompressorIII LowerAirCylinderHead.jpg
2006.01.08 22:56 B D:\Nelson's Documents\NLW Webpage\NLW\Heisler\DesPlumbing\DesCompressor\DesCompressorIII\LowerAirCylinderHeadAssembly.jpg --> www.andyriedel.com /Heisler/DesPlumbing/DesCompressor/DesCompressorIII LowerAirCylinderHeadAssembly.jpg
2006.01.08 22:56 B D:\Nelson's Documents\NLW Webpage\NLW\Heisler\DesPlumbing\DesCompressor\DesCompressorIII\LowerAirInputChannel.jpg --> www.andyriedel.com /Heisler/DesPlumbing/DesCompressor/DesCompressorIII LowerAirInputChannel.jpg
2006.01.08 22:56 B D:\Nelson's Documents\NLW Webpage\NLW\Heisler\DesPlumbing\DesCompressor\DesCompressorIII\LowerSteamCylinderHead.jpg --> www.andyriedel.com /Heisler/DesPlumbing/DesCompressor/DesCompressorIII LowerSteamCylinderHead.jpg
2006.01.08 22:56 B D:\Nelson's Documents\NLW Webpage\NLW\Heisler\DesPlumbing\DesCompressor\DesCompressorIII\P9250091.JPG --> www.andyriedel.com /Heisler/DesPlumbing/DesCompressor/DesCompressorIII P9250091.JPG
2006.01.08 22:56 B D:\Nelson's Documents\NLW Webpage\NLW\Heisler\DesPlumbing\DesCompressor\DesCompressorIII\PackingGland.jpg --> www.andyriedel.com /Heisler/DesPlumbing/DesCompressor/DesCompressorIII PackingGland.jpg
2006.01.08 22:56 B D:\Nelson's Documents\NLW Webpage\NLW\Heisler\DesPlumbing\DesCompressor\DesCompressorIII\PistonRod.jpg --> www.andyriedel.com /Heisler/DesPlumbing/DesCompressor/DesCompressorIII PistonRod.jpg
2006.01.08 22:56 B D:\Nelson's Documents\NLW Webpage\NLW\Heisler\DesPlumbing\DesCompressor\DesCompressorIII\RodEndCap.jpg --> www.andyriedel.com /Heisler/DesPlumbing/DesCompressor/DesCompressorIII RodEndCap.jpg
2006.01.08 22:56 B D:\Nelson's Documents\NLW Webpage\NLW\Heisler\DesPlumbing\DesCompressor\DesCompressorIII\SmallAlignmentBush.jpg --> www.andyriedel.com /Heisler/DesPlumbing/DesCompressor/DesCompressorIII SmallAlignmentBush.jpg
2006.01.08 22:56 B D:\Nelson's Documents\NLW Webpage\NLW\Heisler\DesPlumbing\DesCompressor\DesCompressorIII\SmallPiston.jpg --> www.andyriedel.com /Heisler/DesPlumbing/DesCompressor/DesCompressorIII SmallPiston.jpg
2006.01.08 22:56 B D:\Nelson's Documents\NLW Webpage\NLW\Heisler\DesPlumbing\DesCompressor\DesCompressorIII\Thumbs.db --> www.andyriedel.com /Heisler/DesPlumbing/DesCompressor/DesCompressorIII Thumbs.db
2006.01.08 22:56 B D:\Nelson's Documents\NLW Webpage\NLW\Heisler\DesPlumbing\DesCompressor\DesCompressorIII\UpperAirCylinderHead.jpg --> www.andyriedel.com /Heisler/DesPlumbing/DesCompressor/DesCompressorIII UpperAirCylinderHead.jpg
2006.01.08 22:56 B D:\Nelson's Documents\NLW Webpage\NLW\Heisler\DesPlumbing\DesCompressor\DesCompressorIII\UpperAirCylinderHeadAssembly.jpg --> www.andyriedel.com /Heisler/DesPlumbing/DesCompressor/DesCompressorIII UpperAirCylinderHeadAssembly.jpg
2006.01.08 22:56 B D:\Nelson's Documents\NLW Webpage\NLW\Heisler\DesPlumbing\DesCompressor\DesCompressorIII\UpperAirInputChannel.jpg --> www.andyriedel.com /Heisler/DesPlumbing/DesCompressor/DesCompressorIII UpperAirInputChannel.jpg
2006.01.08 22:56 B D:\Nelson's Documents\NLW Webpage\NLW\Heisler\DesPlumbing\DesCompressor\DesCompressorIII\ValveRodRetainer.jpg --> www.andyriedel.com /Heisler/DesPlumbing/DesCompressor/DesCompressorIII ValveRodRetainer.jpg
2006.01.09 07:31 B D:\Nelson's Documents\NLW Webpage\NLW\Heisler\DesPlumbing\DesCompressor\DesCompressorIII\DesCompressorIII.htm --> www.andyriedel.com /Heisler/DesPlumbing/DesCompressor/DesCompressorIII DesCompressorIII.htm
2006.04.08 23:59 B D:\Nelson's Documents\NLW Webpage\NLW\Heisler\Plumbing\DesCompressor\DesCompressorIII\AirCanister.jpg --> www.andyriedel.com /Heisler/Plumbing/DesCompressor/DesCompressorIII AirCanister.jpg
2006.04.08 23:59 B D:\Nelson's Documents\NLW Webpage\NLW\Heisler\Plumbing\DesCompressor\DesCompressorIII\AirCanisterTop.jpg --> www.andyriedel.com /Heisler/Plumbing/DesCompressor/DesCompressorIII AirCanisterTop.jpg
2006.04.08 23:59 B D:\Nelson's Documents\NLW Webpage\NLW\Heisler\Plumbing\DesCompressor\DesCompressorIII\AirFilter1.JPG --> www.andyriedel.com /Heisler/Plumbing/DesCompressor/DesCompressorIII AirFilter1.JPG
2006.04.08 23:59 B D:\Nelson's Documents\NLW Webpage\NLW\Heisler\Plumbing\DesCompressor\DesCompressorIII\AirFilter2.JPG --> www.andyriedel.com /Heisler/Plumbing/DesCompressor/DesCompressorIII AirFilter2.JPG
2006.04.08 23:59 B D:\Nelson's Documents\NLW Webpage\NLW\Heisler\Plumbing\DesCompressor\DesCompressorIII\AlignmentWashers.jpg --> www.andyriedel.com /Heisler/Plumbing/DesCompressor/DesCompressorIII AlignmentWashers.jpg
2006.04.08 23:59 B D:\Nelson's Documents\NLW Webpage\NLW\Heisler\Plumbing\DesCompressor\DesCompressorIII\AssembledPistonRod.jpg --> www.andyriedel.com /Heisler/Plumbing/DesCompressor/DesCompressorIII AssembledPistonRod.jpg
2006.04.08 23:59 B D:\Nelson's Documents\NLW Webpage\NLW\Heisler\Plumbing\DesCompressor\DesCompressorIII\CenterCrossSection.jpg --> www.andyriedel.com /Heisler/Plumbing/DesCompressor/DesCompressorIII CenterCrossSection.jpg
2006.04.08 23:59 B D:\Nelson's Documents\NLW Webpage\NLW\Heisler\Plumbing\DesCompressor\DesCompressorIII\CenterSpacer.jpg --> www.andyriedel.com /Heisler/Plumbing/DesCompressor/DesCompressorIII CenterSpacer.jpg
2006.04.08 23:59 B D:\Nelson's Documents\NLW Webpage\NLW\Heisler\Plumbing\DesCompressor\DesCompressorIII\DesCompressorIII.htm --> www.andyriedel.com /Heisler/Plumbing/DesCompressor/DesCompressorIII DesCompressorIII.htm
2006.04.08 23:59 B D:\Nelson's Documents\NLW Webpage\NLW\Heisler\Plumbing\DesCompressor\DesCompressorIII\InsertNut.jpg --> www.andyriedel.com /Heisler/Plumbing/DesCompressor/DesCompressorIII InsertNut.jpg
2006.04.08 23:59 B D:\Nelson's Documents\NLW Webpage\NLW\Heisler\Plumbing\DesCompressor\DesCompressorIII\InterCylinderAirChannel.jpg --> www.andyriedel.com /Heisler/Plumbing/DesCompressor/DesCompressorIII InterCylinderAirChannel.jpg
2006.04.08 23:59 B D:\Nelson's Documents\NLW Webpage\NLW\Heisler\Plumbing\DesCompressor\DesCompressorIII\LargeAirAlignmentBush.jpg --> www.andyriedel.com /Heisler/Plumbing/DesCompressor/DesCompressorIII LargeAirAlignmentBush.jpg
2006.04.08 23:59 B D:\Nelson's Documents\NLW Webpage\NLW\Heisler\Plumbing\DesCompressor\DesCompressorIII\LargeAirPiston.jpg --> www.andyriedel.com /Heisler/Plumbing/DesCompressor/DesCompressorIII LargeAirPiston.jpg
2006.04.08 23:59 B D:\Nelson's Documents\NLW Webpage\NLW\Heisler\Plumbing\DesCompressor\DesCompressorIII\LargeSteamAlignmentBush.jpg --> www.andyriedel.com /Heisler/Plumbing/DesCompressor/DesCompressorIII LargeSteamAlignmentBush.jpg
2006.04.08 23:59 B D:\Nelson's Documents\NLW Webpage\NLW\Heisler\Plumbing\DesCompressor\DesCompressorIII\LargeSteamPiston.jpg --> www.andyriedel.com /Heisler/Plumbing/DesCompressor/DesCompressorIII LargeSteamPiston.jpg
2006.04.08 23:59 B D:\Nelson's Documents\NLW Webpage\NLW\Heisler\Plumbing\DesCompressor\DesCompressorIII\LowerAirCylinderHead.jpg --> www.andyriedel.com /Heisler/Plumbing/DesCompressor/DesCompressorIII LowerAirCylinderHead.jpg
2006.04.08 23:59 B D:\Nelson's Documents\NLW Webpage\NLW\Heisler\Plumbing\DesCompressor\DesCompressorIII\LowerAirCylinderHeadAssembly.jpg --> www.andyriedel.com /Heisler/Plumbing/DesCompressor/DesCompressorIII LowerAirCylinderHeadAssembly.jpg
2006.04.08 23:59 B D:\Nelson's Documents\NLW Webpage\NLW\Heisler\Plumbing\DesCompressor\DesCompressorIII\LowerAirInputChannel.jpg --> www.andyriedel.com /Heisler/Plumbing/DesCompressor/DesCompressorIII LowerAirInputChannel.jpg
2006.04.08 23:59 B D:\Nelson's Documents\NLW Webpage\NLW\Heisler\Plumbing\DesCompressor\DesCompressorIII\LowerSteamCylinderHead.jpg --> www.andyriedel.com /Heisler/Plumbing/DesCompressor/DesCompressorIII LowerSteamCylinderHead.jpg
2006.04.08 23:59 B D:\Nelson's Documents\NLW Webpage\NLW\Heisler\Plumbing\DesCompressor\DesCompressorIII\P9250091.JPG --> www.andyriedel.com /Heisler/Plumbing/DesCompressor/DesCompressorIII P9250091.JPG
2006.04.08 23:59 B D:\Nelson's Documents\NLW Webpage\NLW\Heisler\Plumbing\DesCompressor\DesCompressorIII\PackingGland.jpg --> www.andyriedel.com /Heisler/Plumbing/DesCompressor/DesCompressorIII PackingGland.jpg
2006.04.08 23:59 B D:\Nelson's Documents\NLW Webpage\NLW\Heisler\Plumbing\DesCompressor\DesCompressorIII\PistonRod.jpg --> www.andyriedel.com /Heisler/Plumbing/DesCompressor/DesCompressorIII PistonRod.jpg
2006.04.08 23:59 B D:\Nelson's Documents\NLW Webpage\NLW\Heisler\Plumbing\DesCompressor\DesCompressorIII\RodEndCap.jpg --> www.andyriedel.com /Heisler/Plumbing/DesCompressor/DesCompressorIII RodEndCap.jpg
2006.04.08 23:59 B D:\Nelson's Documents\NLW Webpage\NLW\Heisler\Plumbing\DesCompressor\DesCompressorIII\SmallAlignmentBush.jpg --> www.andyriedel.com /Heisler/Plumbing/DesCompressor/DesCompressorIII SmallAlignmentBush.jpg
2006.04.08 23:59 B D:\Nelson's Documents\NLW Webpage\NLW\Heisler\Plumbing\DesCompressor\DesCompressorIII\SmallPiston.jpg --> www.andyriedel.com /Heisler/Plumbing/DesCompressor/DesCompressorIII SmallPiston.jpg
2006.04.08 23:59 B D:\Nelson's Documents\NLW Webpage\NLW\Heisler\Plumbing\DesCompressor\DesCompressorIII\Thumbs.db --> www.andyriedel.com /Heisler/Plumbing/DesCompressor/DesCompressorIII Thumbs.db
2006.04.08 23:59 B D:\Nelson's Documents\NLW Webpage\NLW\Heisler\Plumbing\DesCompressor\DesCompressorIII\UpperAirCylinderHead.jpg --> www.andyriedel.com /Heisler/Plumbing/DesCompressor/DesCompressorIII UpperAirCylinderHead.jpg
2006.04.08 23:59 B D:\Nelson's Documents\NLW Webpage\NLW\Heisler\Plumbing\DesCompressor\DesCompressorIII\UpperAirCylinderHeadAssembly.jpg --> www.andyriedel.com /Heisler/Plumbing/DesCompressor/DesCompressorIII UpperAirCylinderHeadAssembly.jpg
2006.04.08 23:59 B D:\Nelson's Documents\NLW Webpage\NLW\Heisler\Plumbing\DesCompressor\DesCompressorIII\UpperAirInputChannel.jpg --> www.andyriedel.com /Heisler/Plumbing/DesCompressor/DesCompressorIII UpperAirInputChannel.jpg
2006.04.08 23:59 B D:\Nelson's Documents\NLW Webpage\NLW\Heisler\Plumbing\DesCompressor\DesCompressorIII\ValveRodRetainer.jpg --> www.andyriedel.com /Heisler/Plumbing/DesCompressor/DesCompressorIII ValveRodRetainer.jpg
2006.04.08 23:59 B D:\Nelson's Documents\NLW Webpage\NLW\Heisler\Plumbing\DesCompressor\DesCompressorIII\WS_FTP.LOG --> www.andyriedel.com /Heisler/Plumbing/DesCompressor/DesCompressorIII WS_FTP.LOG
2009.03.17 12:37 B D:\Nelson's Documents\NLW\Heisler\Brakes\DesCompressor\DesCompressorIII\AirCanister.jpg --> web511.opentransfer.com /nelsonslocomotive.com/Heisler/Brakes/DesCompressor/DesCompressorIII AirCanister.jpg
2009.03.17 12:37 B D:\Nelson's Documents\NLW\Heisler\Brakes\DesCompressor\DesCompressorIII\AirCanisterTop.jpg --> web511.opentransfer.com /nelsonslocomotive.com/Heisler/Brakes/DesCompressor/DesCompressorIII AirCanisterTop.jpg
2009.03.17 12:38 B D:\Nelson's Documents\NLW\Heisler\Brakes\DesCompressor\DesCompressorIII\AirFilter1.JPG --> web511.opentransfer.com /nelsonslocomotive.com/Heisler/Brakes/DesCompressor/DesCompressorIII AirFilter1.JPG
2009.03.17 12:38 B D:\Nelson's Documents\NLW\Heisler\Brakes\DesCompressor\DesCompressorIII\AirFilter2.JPG --> web511.opentransfer.com /nelsonslocomotive.com/Heisler/Brakes/DesCompressor/DesCompressorIII AirFilter2.JPG
2009.03.17 12:38 B D:\Nelson's Documents\NLW\Heisler\Brakes\DesCompressor\DesCompressorIII\AlignmentWashers.jpg --> web511.opentransfer.com /nelsonslocomotive.com/Heisler/Brakes/DesCompressor/DesCompressorIII AlignmentWashers.jpg
2009.03.17 12:38 B D:\Nelson's Documents\NLW\Heisler\Brakes\DesCompressor\DesCompressorIII\AssembledPistonRod.jpg --> web511.opentransfer.com /nelsonslocomotive.com/Heisler/Brakes/DesCompressor/DesCompressorIII AssembledPistonRod.jpg
2009.03.17 12:38 B D:\Nelson's Documents\NLW\Heisler\Brakes\DesCompressor\DesCompressorIII\CenterCrossSection.jpg --> web511.opentransfer.com /nelsonslocomotive.com/Heisler/Brakes/DesCompressor/DesCompressorIII CenterCrossSection.jpg
2009.03.17 12:38 B D:\Nelson's Documents\NLW\Heisler\Brakes\DesCompressor\DesCompressorIII\CenterSpacer.jpg --> web511.opentransfer.com /nelsonslocomotive.com/Heisler/Brakes/DesCompressor/DesCompressorIII CenterSpacer.jpg
2009.03.17 12:38 B D:\Nelson's Documents\NLW\Heisler\Brakes\DesCompressor\DesCompressorIII\DesCompressorIII.htm --> web511.opentransfer.com /nelsonslocomotive.com/Heisler/Brakes/DesCompressor/DesCompressorIII DesCompressorIII.htm
2009.03.17 12:38 B D:\Nelson's Documents\NLW\Heisler\Brakes\DesCompressor\DesCompressorIII\InsertNut.jpg --> web511.opentransfer.com /nelsonslocomotive.com/Heisler/Brakes/DesCompressor/DesCompressorIII InsertNut.jpg
2009.03.17 12:38 B D:\Nelson's Documents\NLW\Heisler\Brakes\DesCompressor\DesCompressorIII\InterCylinderAirChannel.jpg --> web511.opentransfer.com /nelsonslocomotive.com/Heisler/Brakes/DesCompressor/DesCompressorIII InterCylinderAirChannel.jpg
2009.03.17 12:38 B D:\Nelson's Documents\NLW\Heisler\Brakes\DesCompressor\DesCompressorIII\LargeAirAlignmentBush.jpg --> web511.opentransfer.com /nelsonslocomotive.com/Heisler/Brakes/DesCompressor/DesCompressorIII LargeAirAlignmentBush.jpg
2009.03.17 12:38 B D:\Nelson's Documents\NLW\Heisler\Brakes\DesCompressor\DesCompressorIII\LargeAirPiston.jpg --> web511.opentransfer.com /nelsonslocomotive.com/Heisler/Brakes/DesCompressor/DesCompressorIII LargeAirPiston.jpg
2009.03.17 12:38 B D:\Nelson's Documents\NLW\Heisler\Brakes\DesCompressor\DesCompressorIII\LargeSteamAlignmentBush.jpg --> web511.opentransfer.com /nelsonslocomotive.com/Heisler/Brakes/DesCompressor/DesCompressorIII LargeSteamAlignmentBush.jpg
2009.03.17 12:38 B D:\Nelson's Documents\NLW\Heisler\Brakes\DesCompressor\DesCompressorIII\LargeSteamPiston.jpg --> web511.opentransfer.com /nelsonslocomotive.com/Heisler/Brakes/DesCompressor/DesCompressorIII LargeSteamPiston.jpg
2009.03.17 12:38 B D:\Nelson's Documents\NLW\Heisler\Brakes\DesCompressor\DesCompressorIII\LowerAirCylinderHead.jpg --> web511.opentransfer.com /nelsonslocomotive.com/Heisler/Brakes/DesCompressor/DesCompressorIII LowerAirCylinderHead.jpg
2009.03.17 12:38 B D:\Nelson's Documents\NLW\Heisler\Brakes\DesCompressor\DesCompressorIII\LowerAirCylinderHeadAssembly.jpg --> web511.opentransfer.com /nelsonslocomotive.com/Heisler/Brakes/DesCompressor/DesCompressorIII LowerAirCylinderHeadAssembly.jpg
2009.03.17 12:38 B D:\Nelson's Documents\NLW\Heisler\Brakes\DesCompressor\DesCompressorIII\LowerAirInputChannel.jpg --> web511.opentransfer.com /nelsonslocomotive.com/Heisler/Brakes/DesCompressor/DesCompressorIII LowerAirInputChannel.jpg
2009.03.17 12:38 B D:\Nelson's Documents\NLW\Heisler\Brakes\DesCompressor\DesCompressorIII\LowerSteamCylinderHead.jpg --> web511.opentransfer.com /nelsonslocomotive.com/Heisler/Brakes/DesCompressor/DesCompressorIII LowerSteamCylinderHead.jpg
2009.03.17 12:38 B D:\Nelson's Documents\NLW\Heisler\Brakes\DesCompressor\DesCompressorIII\P9250091.JPG --> web511.opentransfer.com /nelsonslocomotive.com/Heisler/Brakes/DesCompressor/DesCompressorIII P9250091.JPG
2009.03.17 12:38 B D:\Nelson's Documents\NLW\Heisler\Brakes\DesCompressor\DesCompressorIII\PackingGland.jpg --> web511.opentransfer.com /nelsonslocomotive.com/Heisler/Brakes/DesCompressor/DesCompressorIII PackingGland.jpg
2009.03.17 12:38 B D:\Nelson's Documents\NLW\Heisler\Brakes\DesCompressor\DesCompressorIII\PistonRod.jpg --> web511.opentransfer.com /nelsonslocomotive.com/Heisler/Brakes/DesCompressor/DesCompressorIII PistonRod.jpg
2009.03.17 12:38 B D:\Nelson's Documents\NLW\Heisler\Brakes\DesCompressor\DesCompressorIII\RodEndCap.jpg --> web511.opentransfer.com /nelsonslocomotive.com/Heisler/Brakes/DesCompressor/DesCompressorIII RodEndCap.jpg
2009.03.17 12:38 B D:\Nelson's Documents\NLW\Heisler\Brakes\DesCompressor\DesCompressorIII\SmallAlignmentBush.jpg --> web511.opentransfer.com /nelsonslocomotive.com/Heisler/Brakes/DesCompressor/DesCompressorIII SmallAlignmentBush.jpg
2009.03.17 12:38 B D:\Nelson's Documents\NLW\Heisler\Brakes\DesCompressor\DesCompressorIII\SmallPiston.jpg --> web511.opentransfer.com /nelsonslocomotive.com/Heisler/Brakes/DesCompressor/DesCompressorIII SmallPiston.jpg
2009.03.17 12:38 B D:\Nelson's Documents\NLW\Heisler\Brakes\DesCompressor\DesCompressorIII\Thumbs.db --> web511.opentransfer.com /nelsonslocomotive.com/Heisler/Brakes/DesCompressor/DesCompressorIII Thumbs.db
2009.03.17 12:38 B D:\Nelson's Documents\NLW\Heisler\Brakes\DesCompressor\DesCompressorIII\UpperAirCylinderHead.jpg --> web511.opentransfer.com /nelsonslocomotive.com/Heisler/Brakes/DesCompressor/DesCompressorIII UpperAirCylinderHead.jpg
2009.03.17 12:38 B D:\Nelson's Documents\NLW\Heisler\Brakes\DesCompressor\DesCompressorIII\UpperAirCylinderHeadAssembly.jpg --> web511.opentransfer.com /nelsonslocomotive.com/Heisler/Brakes/DesCompressor/DesCompressorIII UpperAirCylinderHeadAssembly.jpg
2009.03.17 12:38 B D:\Nelson's Documents\NLW\Heisler\Brakes\DesCompressor\DesCompressorIII\UpperAirInputChannel.jpg --> web511.opentransfer.com /nelsonslocomotive.com/Heisler/Brakes/DesCompressor/DesCompressorIII UpperAirInputChannel.jpg
2009.03.17 12:38 B D:\Nelson's Documents\NLW\Heisler\Brakes\DesCompressor\DesCompressorIII\ValveRodRetainer.jpg --> web511.opentransfer.com /nelsonslocomotive.com/Heisler/Brakes/DesCompressor/DesCompressorIII ValveRodRetainer.jpg
2009.03.17 12:38 B D:\Nelson's Documents\NLW\Heisler\Brakes\DesCompressor\DesCompressorIII\WS_FTP.LOG --> web511.opentransfer.com /nelsonslocomotive.com/Heisler/Brakes/DesCompressor/DesCompressorIII WS_FTP.LOG
